<?xml version="1.0" encoding="UTF-8"?>
<!-- Generated by org.testng.reporters.JUnitReportReporter -->
<testsuite hostname="fv-az554-638" failures="0" tests="1" name="mytest.testSelenium" time="3.127" errors="0" timestamp="2023-07-06T19:01:38 UTC" skipped="0">
  <testcase classname="mytest.testSelenium" name="testAction" time="3.127">
    <system-out>
      <![CDATA[<a href='/home/runner/work/GitActionTest/GitActionTest/target/surefire-reports/test.png'> <img src='test.png' height='100' width='100'/> </a>]]>
    </system-out>
  </testcase> <!-- testAction -->
  <system-out>
    <![CDATA[<a href='/home/runner/work/GitActionTest/GitActionTest/target/surefire-reports/test.png'> <img src='test.png' height='100' width='100'/> </a>]]>
  </system-out>
</testsuite> <!-- mytest.testSelenium -->
