<?xml version="1.0" encoding="UTF-8"?>
<!-- Generated by org.testng.reporters.JUnitReportReporter -->
<testsuite hostname="fv-az193-211" failures="0" tests="1" name="mytest.testSelenium" time="15.105" errors="0" timestamp="2023-07-06T20:25:52 UTC" skipped="0">
  <testcase classname="mytest.testSelenium" name="testAction" time="15.105">
    <system-out>
      <![CDATA[<a href='test.png'> <img src='test.png' height='100' width='100'/> </a>]]>
    </system-out>
  </testcase> <!-- testAction -->
  <system-out>
    <![CDATA[<a href='test.png'> <img src='test.png' height='100' width='100'/> </a>]]>
  </system-out>
</testsuite> <!-- mytest.testSelenium -->
