<?xml version="1.0" encoding="UTF-8"?>
<!-- Generated by org.testng.reporters.JUnitReportReporter -->
<testsuite hostname="fv-az1269-257" failures="0" tests="1" name="mytest.testSelenium" time="2.148" errors="0" timestamp="2024-08-22T07:55:47 UTC" skipped="0">
  <testcase classname="mytest.testSelenium" name="testAction" time="2.148">
    <system-out>
      <![CDATA[<a href='test.png'> <img src='test.png' height='100' width='100'/> </a>]]>
    </system-out>
  </testcase> <!-- testAction -->
  <system-out>
    <![CDATA[<a href='test.png'> <img src='test.png' height='100' width='100'/> </a>]]>
  </system-out>
</testsuite> <!-- mytest.testSelenium -->
